<?xml version="1.0" encoding="UTF-8"?>
<!-- Generated by org.testng.reporters.JUnitReportReporter -->
<testsuite hostname="DESKTOP-5N8PCT1" failures="0" tests="1" name="PracticeTest.demoTest" time="9.190" errors="0" timestamp="2021-12-30T16:35:47 IST" skipped="0">
  <testcase classname="PracticeTest.demoTest" name="customer" time="9.190"/>
  <system-out/>
</testsuite> <!-- PracticeTest.demoTest -->
