<?xml version="1.0" encoding="UTF-8"?>
<!-- Generated by org.testng.reporters.JUnitReportReporter -->
<testsuite hostname="DESKTOP-5N8PCT1" failures="0" tests="2" name="PracticeTest.demo1Test" time="16.333" errors="0" timestamp="2021-12-30T17:15:59 IST" skipped="0">
  <testcase classname="PracticeTest.demo1Test" name="owner" time="7.997"/>
  <system-out/>
  <testcase classname="PracticeTest.demo1Test" name="addOwner" time="8.336"/>
  <system-out/>
</testsuite> <!-- PracticeTest.demo1Test -->
