<?xml version="1.0" encoding="UTF-8"?>
<!-- Generated by org.testng.reporters.JUnitReportReporter -->
<testsuite hostname="DESKTOP-5N8PCT1" failures="0" tests="2" name="PracticeTest.demoTest" time="16.271" errors="0" timestamp="30 Dec 2021 12:11:37 GMT" skipped="0">
  <testcase classname="PracticeTest.demoTest" name="customer" time="8.211"/>
  <testcase classname="PracticeTest.demoTest" name="addCustomer" time="8.060"/>
</testsuite> <!-- PracticeTest.demoTest -->
