<?xml version="1.0" encoding="UTF-8"?>
<!-- Generated by org.testng.reporters.JUnitReportReporter -->
<testsuite skipped="0" hostname="DESKTOP-5N8PCT1" name="PracticeTest.demo1Test" tests="2" failures="0" timestamp="30 Dec 2021 12:16:08 GMT" time="18.202" errors="0">
  <testcase name="addOwner" time="9.465" classname="PracticeTest.demo1Test"/>
  <testcase name="owner" time="8.737" classname="PracticeTest.demo1Test"/>
</testsuite> <!-- PracticeTest.demo1Test -->
