<?xml version="1.0" encoding="UTF-8"?>
<!-- Generated by org.testng.reporters.JUnitReportReporter -->
<testsuite skipped="0" hostname="DESKTOP-5N8PCT1" name="PracticeTest.demo1" tests="2" failures="0" timestamp="2021-12-30T16:48:01 IST" time="32.111" errors="0">
  <testcase name="owner" time="16.816" classname="PracticeTest.demo1"/>
  <system-out/>
  <testcase name="addOwner" time="15.295" classname="PracticeTest.demo1"/>
  <system-out/>
</testsuite> <!-- PracticeTest.demo1 -->
